Reading index registry [Safe point: undefined]
Index status: missing
Indexing process started [Tue Apr 12 22:17:21 CST 2011]
Processing 2,1 [count: 1; total: 1]
Reading index registry [Safe point: undefined]
Writing thought 2,1
Writing thought label 2,1
Writing thought tags 2,1
Updating index registry [Safe point: restarted]
Elapsed time: 313 + 313 = 626
Indexing process completed [Tue Apr 12 22:17:21 CST 2011]
Updating index registry [Safe point: restarted]
Index status: initialized
IndexBuilder stopped [Tue Apr 12 22:17:24 CST 2011]
Start indexing [Tue Apr 12 22:17:24 CST 2011]
Loading UrlIndexBuilder
Loading index registry [E:\MyNotes\Eclipse\Eclipse_brain\UrlIndexBuilder.dat]
Loading index log [E:\MyNotes\Eclipse\Eclipse_brain\UrlIndexBuilder.log]
Updating index registry [Safe point: restarted]
Index status: initialized
Reading index registry [Safe point: undefined]
UrlIndexBuilder created [BrainAPI = connected; backgroundRunning = true; synchronizedThread = 4; maxCPU = 0.5; showStatus = false; logFile = E:\MyNotes\Eclipse\Eclipse_brain\UrlIndexBuilder.log; startTime = null; stopTime = null; total = 0; processed = 0; indexed = 0; indexBuilderDat = E:\MyNotes\Eclipse\Eclipse_brain\UrlIndexBuilder.dat (empty); indexing = false]
UrlIndexBuilder scheduled [Tue Apr 12 22:17:24 CST 2011]
UrlIndexBuilder started [Tue Apr 12 22:17:24 CST 2011]
Reading index registry [Safe point: undefined]
Index status: safe
Deleting index log [E:\MyNotes\Eclipse\Eclipse_brain\UrlIndexBuilder.log]
Indexing process started [Tue Apr 12 22:17:24 CST 2011]
Processing 2,1 [count: 1; total: 1]
Indexing process completed [Tue Apr 12 22:17:24 CST 2011]
Indexing time: 00:00:00
