Start indexing [Fri Apr 01 08:47:23 CST 2011]
Creating IndexEvent [REBUILD_SEARCH_INDEX]
IndexEvent fired [command = REBUILD_SEARCH_INDEX; showProgress = false; logFile = false]
IndexEvent listened [command = REBUILD_SEARCH_INDEX; showProgress = false; logFile = false]
Loading IndexBuilder
Loading index registry [E:\MyNotes\PhotoShop\PhotoShop_brain\IndexBuilder.dat]
Loading index log [E:\MyNotes\PhotoShop\PhotoShop_brain\IndexBuilder.log]
Reading index registry [Safe point: undefined]
IndexBuilder created [BrainAPI = connected; BrainListener = connected; bulkMode = true; maxCPU = 0.5; showStatus = false; logFile = E:\MyNotes\PhotoShop\PhotoShop_brain\IndexBuilder.log; startTime = null; stopTime = null; total = 0; processed = 0; indexed = 0; indexBuilderDat = E:\MyNotes\PhotoShop\PhotoShop_brain\IndexBuilder.dat (empty); indexing = false]
IndexBuilder scheduled [Fri Apr 01 08:47:23 CST 2011]
IndexBuilder started [Fri Apr 01 08:47:23 CST 2011]
Reading index registry [Safe point: undefined]
Index status: missing
Indexing process started [Fri Apr 01 08:47:23 CST 2011]
Processing 2,1 [count: 1; total: 1]
Reading index registry [Safe point: undefined]
Writing thought 2,1
Writing thought label 2,1
Writing thought tags 2,1
Updating index registry [Safe point: restarted]
Elapsed time: 190 + 190 = 380
Indexing process completed [Fri Apr 01 08:47:24 CST 2011]
Updating index registry [Safe point: restarted]
Index status: initialized
IndexBuilder stopped [Fri Apr 01 08:47:27 CST 2011]
Start indexing [Fri Apr 01 08:47:27 CST 2011]
Loading UrlIndexBuilder
Loading index registry [E:\MyNotes\PhotoShop\PhotoShop_brain\UrlIndexBuilder.dat]
Loading index log [E:\MyNotes\PhotoShop\PhotoShop_brain\UrlIndexBuilder.log]
Updating index registry [Safe point: restarted]
Index status: initialized
Reading index registry [Safe point: undefined]
UrlIndexBuilder created [BrainAPI = connected; backgroundRunning = true; synchronizedThread = 4; maxCPU = 0.5; showStatus = false; logFile = E:\MyNotes\PhotoShop\PhotoShop_brain\UrlIndexBuilder.log; startTime = null; stopTime = null; total = 0; processed = 0; indexed = 0; indexBuilderDat = E:\MyNotes\PhotoShop\PhotoShop_brain\UrlIndexBuilder.dat (empty); indexing = false]
UrlIndexBuilder scheduled [Fri Apr 01 08:47:27 CST 2011]
UrlIndexBuilder started [Fri Apr 01 08:47:27 CST 2011]
Reading index registry [Safe point: undefined]
Index status: safe
Deleting index log [E:\MyNotes\PhotoShop\PhotoShop_brain\UrlIndexBuilder.log]
Indexing process started [Fri Apr 01 08:47:27 CST 2011]
Processing 2,1 [count: 1; total: 1]
Indexing process completed [Fri Apr 01 08:47:27 CST 2011]
Indexing time: 00:00:00
